0 info it worked if it ends with ok
1 verbose cli [ '/usr/local/Cellar/node/0.8.12/bin/node',
1 verbose cli   '/usr/local/bin/npm',
1 verbose cli   'publish' ]
2 info using npm@1.1.63
3 info using node@v0.8.12
4 verbose publish [ '.' ]
5 verbose read json /Users/Kevin/dev/grunt-templater/repo/package.json
6 verbose cache add [ '.', null ]
7 silly cache add name=undefined spec="." args=[".",null]
8 verbose parsed url { pathname: '.', path: '.', href: '.' }
9 silly lockFile 3a52ce78- .
10 verbose lock . /Users/Kevin/.npm/3a52ce78-.lock
11 verbose read json package.json
12 verbose tar pack [ '/var/folders/bz/6w56knl128719ws9wpxb_mb00000gn/T/npm-5787/1351029100422-0.7918907033745199/tmp.tgz',
12 verbose tar pack   '.' ]
13 verbose tarball /var/folders/bz/6w56knl128719ws9wpxb_mb00000gn/T/npm-5787/1351029100422-0.7918907033745199/tmp.tgz
14 verbose folder .
15 info prepublish grunt-templater@0.0.1
16 silly lockFile 18cd9c62-00422-0-7918907033745199-tmp-tgz /var/folders/bz/6w56knl128719ws9wpxb_mb00000gn/T/npm-5787/1351029100422-0.7918907033745199/tmp.tgz
17 verbose lock /var/folders/bz/6w56knl128719ws9wpxb_mb00000gn/T/npm-5787/1351029100422-0.7918907033745199/tmp.tgz /Users/Kevin/.npm/18cd9c62-00422-0-7918907033745199-tmp-tgz.lock
18 silly lockFile 18cd9c62-00422-0-7918907033745199-tmp-tgz /var/folders/bz/6w56knl128719ws9wpxb_mb00000gn/T/npm-5787/1351029100422-0.7918907033745199/tmp.tgz
19 verbose tar unpack /var/folders/bz/6w56knl128719ws9wpxb_mb00000gn/T/npm-5787/1351029100422-0.7918907033745199/tmp.tgz
20 silly lockFile 7fa9841c-00422-0-7918907033745199-package /var/folders/bz/6w56knl128719ws9wpxb_mb00000gn/T/npm-5787/1351029100422-0.7918907033745199/package
21 verbose lock /var/folders/bz/6w56knl128719ws9wpxb_mb00000gn/T/npm-5787/1351029100422-0.7918907033745199/package /Users/Kevin/.npm/7fa9841c-00422-0-7918907033745199-package.lock
22 silly gunzTarPerm modes [ '755', '644' ]
23 silly gunzTarPerm extractEntry package.json
24 silly gunzTarPerm extractEntry .npmignore
25 silly gunzTarPerm extractEntry README.md
26 silly gunzTarPerm extractEntry grunt.js
27 silly gunzTarPerm extractEntry bin/grunt-templater
28 silly gunzTarPerm extractEntry LICENSE-MIT
29 silly gunzTarPerm extractEntry tasks/template.js
30 silly gunzTarPerm extractEntry test/compiled.html
31 silly gunzTarPerm extractEntry test/template.jade
32 verbose read json /var/folders/bz/6w56knl128719ws9wpxb_mb00000gn/T/npm-5787/1351029100422-0.7918907033745199/package/package.json
33 silly lockFile 7fa9841c-00422-0-7918907033745199-package /var/folders/bz/6w56knl128719ws9wpxb_mb00000gn/T/npm-5787/1351029100422-0.7918907033745199/package
34 verbose from cache /var/folders/bz/6w56knl128719ws9wpxb_mb00000gn/T/npm-5787/1351029100422-0.7918907033745199/package/package.json
35 verbose tar pack [ '/Users/Kevin/.npm/grunt-templater/0.0.1/package.tgz',
35 verbose tar pack   '/var/folders/bz/6w56knl128719ws9wpxb_mb00000gn/T/npm-5787/1351029100422-0.7918907033745199/package' ]
36 verbose tarball /Users/Kevin/.npm/grunt-templater/0.0.1/package.tgz
37 verbose folder /var/folders/bz/6w56knl128719ws9wpxb_mb00000gn/T/npm-5787/1351029100422-0.7918907033745199/package
38 silly lockFile 535fe46c-runt-templater-0-0-1-package-tgz /Users/Kevin/.npm/grunt-templater/0.0.1/package.tgz
39 verbose lock /Users/Kevin/.npm/grunt-templater/0.0.1/package.tgz /Users/Kevin/.npm/535fe46c-runt-templater-0-0-1-package-tgz.lock
40 silly lockFile 535fe46c-runt-templater-0-0-1-package-tgz /Users/Kevin/.npm/grunt-templater/0.0.1/package.tgz
41 silly lockFile 169689ed-pm-grunt-templater-0-0-1-package /Users/Kevin/.npm/grunt-templater/0.0.1/package
42 verbose lock /Users/Kevin/.npm/grunt-templater/0.0.1/package /Users/Kevin/.npm/169689ed-pm-grunt-templater-0-0-1-package.lock
43 silly lockFile 169689ed-pm-grunt-templater-0-0-1-package /Users/Kevin/.npm/grunt-templater/0.0.1/package
44 verbose tar unpack /Users/Kevin/.npm/grunt-templater/0.0.1/package.tgz
45 silly lockFile 169689ed-pm-grunt-templater-0-0-1-package /Users/Kevin/.npm/grunt-templater/0.0.1/package
46 verbose lock /Users/Kevin/.npm/grunt-templater/0.0.1/package /Users/Kevin/.npm/169689ed-pm-grunt-templater-0-0-1-package.lock
47 silly gunzTarPerm modes [ '755', '644' ]
48 silly gunzTarPerm extractEntry package.json
49 silly gunzTarPerm extractEntry .npmignore
50 silly gunzTarPerm extractEntry README.md
51 silly gunzTarPerm extractEntry grunt.js
52 silly gunzTarPerm extractEntry bin/grunt-templater
53 silly gunzTarPerm extractEntry LICENSE-MIT
54 silly gunzTarPerm extractEntry tasks/template.js
55 silly gunzTarPerm extractEntry test/compiled.html
56 silly gunzTarPerm extractEntry test/template.jade
57 verbose read json /Users/Kevin/.npm/grunt-templater/0.0.1/package/package.json
58 silly lockFile 169689ed-pm-grunt-templater-0-0-1-package /Users/Kevin/.npm/grunt-templater/0.0.1/package
59 silly shasum updated bytes 3611
60 info shasum dd6794160c880fb5c66ccf4d348e83861c5253d4
60 info shasum /Users/Kevin/.npm/grunt-templater/0.0.1/package.tgz
61 verbose from cache /Users/Kevin/.npm/grunt-templater/0.0.1/package/package.json
62 verbose chmod /Users/Kevin/.npm/grunt-templater/0.0.1/package.tgz 644
63 verbose chown /Users/Kevin/.npm/grunt-templater/0.0.1/package.tgz [ 501, 20 ]
64 silly lockFile 3a52ce78- .
65 silly publish { name: 'grunt-templater',
65 silly publish   description: 'Universal template compiler task for Grunt.',
65 silly publish   version: '0.0.1',
65 silly publish   homepage: 'https://github.com/rockwood/grunt-templater',
65 silly publish   author: { name: 'Kevin Rockwood', email: 'kevin@rockwood.me' },
65 silly publish   repositories:
65 silly publish    [ { type: 'git',
65 silly publish        url: 'git@github.com:rockwood/grunt-templater.git' },
65 silly publish      { type: 'git',
65 silly publish        url: 'https://github.com/visionmedia/consolidate.js.git' } ],
65 silly publish   bugs: { url: 'https://github.com/rockwood/grunt-templater/issues' },
65 silly publish   licenses:
65 silly publish    [ { type: 'MIT',
65 silly publish        url: 'https://github.com/rockwood/grunt-template/blob/master/LICENSE-MIT' } ],
65 silly publish   main: 'grunt.js',
65 silly publish   bin: { 'grunt-templater': 'bin/grunt-templater' },
65 silly publish   engines: { node: '>=0.4.11' },
65 silly publish   dependencies: { grunt: '>=0.3.7', consolidate: '>=0.4.0' },
65 silly publish   devDependencies: { grunt: '~0.3.7', consolidate: '>=0.4.0' },
65 silly publish   keywords:
65 silly publish    [ 'template',
65 silly publish      'jade',
65 silly publish      'ejs',
65 silly publish      'handlebars',
65 silly publish      'mustache',
65 silly publish      'grunt',
65 silly publish      'gruntplugin' ],
65 silly publish   readme: '# grunt-templater\n\nUniversal template compiler task for Grunt. It uses [Consolidate](https://github.com/visionmedia/consolidate.js) under the hood.\n\n## Supported template engines\n\n  - [dust](https://github.com/akdubya/dustjs) [(website)](http://akdubya.github.com/dustjs/)\n  - [eco](https://github.com/sstephenson/eco)\n  - [ejs](https://github.com/visionmedia/ejs)\n  - [haml](https://github.com/visionmedia/haml.js) [(website)](http://haml-lang.com/)\n  - [haml-coffee](https://github.com/9elements/haml-coffee) [(website)](http://haml-lang.com/)\n  - [handlebars](https://github.com/wycats/handlebars.js/) [(website)](http://handlebarsjs.com/)\n  - [hogan](https://github.com/twitter/hogan.js) [(website)](http://twitter.github.com/hogan.js/)\n  - [jade](https://github.com/visionmedia/jade) [(website)](http://jade-lang.com/)\n  - [jazz](https://github.com/shinetech/jazz)\n  - [jqtpl](https://github.com/kof/node-jqtpl) [(website)](http://api.jquery.com/category/plugins/templates/)\n  - [liquor](https://github.com/chjj/liquor)\n  - [mustache](https://github.com/janl/mustache.js)\n  - [QEJS](https://github.com/jepso/QEJS)\n  - [swig](https://github.com/paularmstrong/swig) [(website)](http://paularmstrong.github.com/swig/)\n  - [underscore](https://github.com/documentcloud/underscore) [(website)](http://documentcloud.github.com/underscore/)\n  - [walrus](https://github.com/jeremyruppel/walrus) [(website)](http://documentup.com/jeremyruppel/walrus/)\n  - [whiskers](https://github.com/gsf/whiskers.js/tree/)\n\n## Getting Started\n    \ninstall via npm\n\n    npm install grunt-templater\n\ninstall the template engine you intend to use. For example, if using Jade:\n  \n    npm install jade\n\nand in your grunt.js file:\n\n    grunt.loadNpmTasks(\'grunt-templater\');\n\n## Usage\n    \nCreate a `template` task in your grunt config. Templater will guess the intended template engine based on the `src` filename. Pass the `engine` option to force a specific engine. \n\n    grunt.initConfig({\n      template: {\n        dev: {\n          src: \'app/homepage.jade\',\n          dest: \'dev.html\',\n          variables: {\n            css_url: \'app.css\'\n            title: \'Hello World\'\n            pretty: true\n          }\n        },\n        dist: {\n          src: \'app/homepage.jade\',\n          dest: \'dist/index.html\',\n          variables: {\n            css_url: \'app.min.css\'\n            title: \'Hello Production\'\n          }\n        }\n      },\n      ...\n    });\n\nrun with:\n      \n    grunt template\n\nor for a specific target:\n\n    grunt template:dev\n\n`src`, `dest`, and `variables` are required. Engine specific options can also be passed through the `variables` option. In the case of Jade, `pretty: true` adds pretty-indentation whitespace to its output.',
65 silly publish   _id: 'grunt-templater@0.0.1',
65 silly publish   dist: { shasum: 'dd6794160c880fb5c66ccf4d348e83861c5253d4' } }
66 verbose url raw grunt-templater
67 verbose url resolving [ 'https://registry.npmjs.org/', './grunt-templater' ]
68 verbose url resolved https://registry.npmjs.org/grunt-templater
69 info trying registry request attempt 1 at 17:51:41
70 http PUT https://registry.npmjs.org/grunt-templater
71 http 409 https://registry.npmjs.org/grunt-templater
72 verbose url raw grunt-templater
73 verbose url resolving [ 'https://registry.npmjs.org/', './grunt-templater' ]
74 verbose url resolved https://registry.npmjs.org/grunt-templater
75 info trying registry request attempt 1 at 17:51:41
76 http GET https://registry.npmjs.org/grunt-templater
77 http 200 https://registry.npmjs.org/grunt-templater
78 error publish fail Cannot publish over existing version.
78 error publish fail Bump the 'version' field, set the --force flag, or
78 error publish fail     npm unpublish 'grunt-templater@0.0.1'
78 error publish fail and try again
79 error System Darwin 12.2.0
80 error command "/usr/local/Cellar/node/0.8.12/bin/node" "/usr/local/bin/npm" "publish"
81 error cwd /Users/Kevin/dev/grunt-templater/repo
82 error node -v v0.8.12
83 error npm -v 1.1.63
84 error code EPUBLISHCONFLICT
85 verbose exit [ 1, true ]
